  deanCalculator.cpp
E:\VisualStudios\deanCalculator\deanCalculator\deanCalculator.cpp(19,20): warning C4101: “c”: 未引用的局部变量
E:\VisualStudios\deanCalculator\deanCalculator\deanCalculator.cpp(19,23): warning C4101: “d”: 未引用的局部变量
E:\VisualStudios\deanCalculator\deanCalculator\deanCalculator.cpp(468,10): warning C4129: “*”: 不可识别的字符转义序列
E:\VisualStudios\deanCalculator\deanCalculator\deanCalculator.cpp(471,10): warning C4129: “@”: 不可识别的字符转义序列
E:\VisualStudios\deanCalculator\deanCalculator\deanCalculator.cpp(471,10): warning C4129: “*”: 不可识别的字符转义序列
E:\VisualStudios\deanCalculator\deanCalculator\deanCalculator.cpp(474,10): warning C4129: “*”: 不可识别的字符转义序列
E:\VisualStudios\deanCalculator\deanCalculator\deanCalculator.cpp(475,10): warning C4129: “*”: 不可识别的字符转义序列
E:\VisualStudios\deanCalculator\deanCalculator\deanCalculator.cpp(476,10): warning C4129: “]”: 不可识别的字符转义序列
E:\VisualStudios\deanCalculator\deanCalculator\deanCalculator.cpp(476,10): warning C4129: “@”: 不可识别的字符转义序列
E:\VisualStudios\deanCalculator\deanCalculator\deanCalculator.cpp(477,10): warning C4129: “@”: 不可识别的字符转义序列
E:\VisualStudios\deanCalculator\deanCalculator\deanCalculator.cpp(478,10): warning C4129: “@”: 不可识别的字符转义序列
E:\VisualStudios\deanCalculator\deanCalculator\deanCalculator.cpp(479,10): warning C4129: “@”: 不可识别的字符转义序列
E:\VisualStudios\deanCalculator\deanCalculator\deanCalculator.cpp(480,10): warning C4129: “[”: 不可识别的字符转义序列
E:\VisualStudios\deanCalculator\deanCalculator\deanCalculator.cpp(480,10): warning C4129: “]”: 不可识别的字符转义序列
E:\VisualStudios\deanCalculator\deanCalculator\deanCalculator.cpp(481,10): warning C4129: “*”: 不可识别的字符转义序列
E:\VisualStudios\deanCalculator\deanCalculator\deanCalculator.cpp(481,10): warning C4129: “@”: 不可识别的字符转义序列
E:\VisualStudios\deanCalculator\deanCalculator\deanCalculator.cpp(481,10): warning C4129: “`”: 不可识别的字符转义序列
E:\VisualStudios\deanCalculator\deanCalculator\deanCalculator.cpp(482,10): warning C4129: “@”: 不可识别的字符转义序列
E:\VisualStudios\deanCalculator\deanCalculator\deanCalculator.cpp(482,10): warning C4129: “*”: 不可识别的字符转义序列
E:\VisualStudios\deanCalculator\deanCalculator\deanCalculator.cpp(482,10): warning C4129: “`”: 不可识别的字符转义序列
E:\VisualStudios\deanCalculator\deanCalculator\deanCalculator.cpp(483,10): warning C4129: “@”: 不可识别的字符转义序列
E:\VisualStudios\deanCalculator\deanCalculator\deanCalculator.cpp(483,10): warning C4129: “*”: 不可识别的字符转义序列
E:\VisualStudios\deanCalculator\deanCalculator\deanCalculator.cpp(484,10): warning C4129: “@”: 不可识别的字符转义序列
E:\VisualStudios\deanCalculator\deanCalculator\deanCalculator.cpp(484,10): warning C4129: “=”: 不可识别的字符转义序列
E:\VisualStudios\deanCalculator\deanCalculator\deanCalculator.cpp(484,10): warning C4129: “/”: 不可识别的字符转义序列
E:\VisualStudios\deanCalculator\deanCalculator\deanCalculator.cpp(484,10): warning C4129: “*”: 不可识别的字符转义序列
E:\VisualStudios\deanCalculator\deanCalculator\deanCalculator.cpp(485,10): warning C4129: “@”: 不可识别的字符转义序列
E:\VisualStudios\deanCalculator\deanCalculator\deanCalculator.cpp(485,10): warning C4129: “*”: 不可识别的字符转义序列
E:\VisualStudios\deanCalculator\deanCalculator\deanCalculator.cpp(486,10): warning C4129: “*”: 不可识别的字符转义序列
E:\VisualStudios\deanCalculator\deanCalculator\deanCalculator.cpp(486,10): warning C4129: “[”: 不可识别的字符转义序列
E:\VisualStudios\deanCalculator\deanCalculator\deanCalculator.cpp(487,10): warning C4129: “]”: 不可识别的字符转义序列
E:\VisualStudios\deanCalculator\deanCalculator\deanCalculator.cpp(487,10): warning C4129: “@”: 不可识别的字符转义序列
E:\VisualStudios\deanCalculator\deanCalculator\deanCalculator.cpp(487,10): warning C4129: “*”: 不可识别的字符转义序列
E:\VisualStudios\deanCalculator\deanCalculator\deanCalculator.cpp(487,10): warning C4129: “ ”: 不可识别的字符转义序列
E:\VisualStudios\deanCalculator\deanCalculator\deanCalculator.cpp(488,10): warning C4129: “@”: 不可识别的字符转义序列
E:\VisualStudios\deanCalculator\deanCalculator\deanCalculator.cpp(488,10): warning C4129: “/”: 不可识别的字符转义序列
E:\VisualStudios\deanCalculator\deanCalculator\deanCalculator.cpp(489,10): warning C4129: “@”: 不可识别的字符转义序列
E:\VisualStudios\deanCalculator\deanCalculator\deanCalculator.cpp(490,10): warning C4129: “/”: 不可识别的字符转义序列
E:\VisualStudios\deanCalculator\deanCalculator\deanCalculator.cpp(491,10): warning C4129: “@”: 不可识别的字符转义序列
E:\VisualStudios\deanCalculator\deanCalculator\deanCalculator.cpp(491,10): warning C4129: “*”: 不可识别的字符转义序列
E:\VisualStudios\deanCalculator\deanCalculator\deanCalculator.cpp(492,10): warning C4129: “@”: 不可识别的字符转义序列
E:\VisualStudios\deanCalculator\deanCalculator\deanCalculator.cpp(492,10): warning C4129: “[”: 不可识别的字符转义序列
E:\VisualStudios\deanCalculator\deanCalculator\deanCalculator.cpp(494,10): warning C4129: “*”: 不可识别的字符转义序列
E:\VisualStudios\deanCalculator\deanCalculator\deanCalculator.cpp(500,10): warning C4129: “*”: 不可识别的字符转义序列
E:\VisualStudios\deanCalculator\deanCalculator\deanCalculator.cpp(504,10): warning C4129: “@”: 不可识别的字符转义序列
E:\VisualStudios\deanCalculator\deanCalculator\deanCalculator.cpp(504,10): warning C4129: “*”: 不可识别的字符转义序列
E:\VisualStudios\deanCalculator\deanCalculator\deanCalculator.cpp(505,10): warning C4129: “@”: 不可识别的字符转义序列
E:\VisualStudios\deanCalculator\deanCalculator\deanCalculator.cpp(508,10): warning C4129: “@”: 不可识别的字符转义序列
E:\VisualStudios\deanCalculator\deanCalculator\deanCalculator.cpp(509,10): warning C4129: “@”: 不可识别的字符转义序列
E:\VisualStudios\deanCalculator\deanCalculator\deanCalculator.cpp(509,10): warning C4129: “/”: 不可识别的字符转义序列
E:\VisualStudios\deanCalculator\deanCalculator\deanCalculator.cpp(510,10): warning C4129: “]”: 不可识别的字符转义序列
E:\VisualStudios\deanCalculator\deanCalculator\deanCalculator.cpp(511,10): warning C4129: “@”: 不可识别的字符转义序列
E:\VisualStudios\deanCalculator\deanCalculator\deanCalculator.cpp(512,10): warning C4129: “@”: 不可识别的字符转义序列
E:\VisualStudios\deanCalculator\deanCalculator\deanCalculator.cpp(540,11): warning C4129: “@”: 不可识别的字符转义序列
E:\VisualStudios\deanCalculator\deanCalculator\deanCalculator.cpp(540,11): warning C4129: “*”: 不可识别的字符转义序列
E:\VisualStudios\deanCalculator\deanCalculator\deanCalculator.cpp(543,11): warning C4129: “*”: 不可识别的字符转义序列
E:\VisualStudios\deanCalculator\deanCalculator\deanCalculator.cpp(544,11): warning C4129: “*”: 不可识别的字符转义序列
E:\VisualStudios\deanCalculator\deanCalculator\deanCalculator.cpp(545,11): warning C4129: “]”: 不可识别的字符转义序列
E:\VisualStudios\deanCalculator\deanCalculator\deanCalculator.cpp(545,11): warning C4129: “@”: 不可识别的字符转义序列
E:\VisualStudios\deanCalculator\deanCalculator\deanCalculator.cpp(546,11): warning C4129: “@”: 不可识别的字符转义序列
E:\VisualStudios\deanCalculator\deanCalculator\deanCalculator.cpp(547,11): warning C4129: “@”: 不可识别的字符转义序列
E:\VisualStudios\deanCalculator\deanCalculator\deanCalculator.cpp(548,11): warning C4129: “@”: 不可识别的字符转义序列
E:\VisualStudios\deanCalculator\deanCalculator\deanCalculator.cpp(549,11): warning C4129: “[”: 不可识别的字符转义序列
E:\VisualStudios\deanCalculator\deanCalculator\deanCalculator.cpp(549,11): warning C4129: “]”: 不可识别的字符转义序列
E:\VisualStudios\deanCalculator\deanCalculator\deanCalculator.cpp(550,11): warning C4129: “*”: 不可识别的字符转义序列
E:\VisualStudios\deanCalculator\deanCalculator\deanCalculator.cpp(550,11): warning C4129: “@”: 不可识别的字符转义序列
E:\VisualStudios\deanCalculator\deanCalculator\deanCalculator.cpp(550,11): warning C4129: “`”: 不可识别的字符转义序列
E:\VisualStudios\deanCalculator\deanCalculator\deanCalculator.cpp(551,11): warning C4129: “@”: 不可识别的字符转义序列
E:\VisualStudios\deanCalculator\deanCalculator\deanCalculator.cpp(551,11): warning C4129: “*”: 不可识别的字符转义序列
E:\VisualStudios\deanCalculator\deanCalculator\deanCalculator.cpp(551,11): warning C4129: “`”: 不可识别的字符转义序列
E:\VisualStudios\deanCalculator\deanCalculator\deanCalculator.cpp(552,11): warning C4129: “@”: 不可识别的字符转义序列
E:\VisualStudios\deanCalculator\deanCalculator\deanCalculator.cpp(552,11): warning C4129: “*”: 不可识别的字符转义序列
E:\VisualStudios\deanCalculator\deanCalculator\deanCalculator.cpp(553,11): warning C4129: “@”: 不可识别的字符转义序列
E:\VisualStudios\deanCalculator\deanCalculator\deanCalculator.cpp(553,11): warning C4129: “=”: 不可识别的字符转义序列
E:\VisualStudios\deanCalculator\deanCalculator\deanCalculator.cpp(553,11): warning C4129: “/”: 不可识别的字符转义序列
E:\VisualStudios\deanCalculator\deanCalculator\deanCalculator.cpp(553,11): warning C4129: “*”: 不可识别的字符转义序列
E:\VisualStudios\deanCalculator\deanCalculator\deanCalculator.cpp(554,11): warning C4129: “@”: 不可识别的字符转义序列
E:\VisualStudios\deanCalculator\deanCalculator\deanCalculator.cpp(554,11): warning C4129: “*”: 不可识别的字符转义序列
E:\VisualStudios\deanCalculator\deanCalculator\deanCalculator.cpp(555,11): warning C4129: “*”: 不可识别的字符转义序列
E:\VisualStudios\deanCalculator\deanCalculator\deanCalculator.cpp(555,11): warning C4129: “[”: 不可识别的字符转义序列
E:\VisualStudios\deanCalculator\deanCalculator\deanCalculator.cpp(556,11): warning C4129: “]”: 不可识别的字符转义序列
E:\VisualStudios\deanCalculator\deanCalculator\deanCalculator.cpp(556,11): warning C4129: “@”: 不可识别的字符转义序列
E:\VisualStudios\deanCalculator\deanCalculator\deanCalculator.cpp(556,11): warning C4129: “*”: 不可识别的字符转义序列
E:\VisualStudios\deanCalculator\deanCalculator\deanCalculator.cpp(556,11): warning C4129: “ ”: 不可识别的字符转义序列
E:\VisualStudios\deanCalculator\deanCalculator\deanCalculator.cpp(557,11): warning C4129: “@”: 不可识别的字符转义序列
E:\VisualStudios\deanCalculator\deanCalculator\deanCalculator.cpp(557,11): warning C4129: “/”: 不可识别的字符转义序列
E:\VisualStudios\deanCalculator\deanCalculator\deanCalculator.cpp(558,11): warning C4129: “@”: 不可识别的字符转义序列
E:\VisualStudios\deanCalculator\deanCalculator\deanCalculator.cpp(559,11): warning C4129: “/”: 不可识别的字符转义序列
E:\VisualStudios\deanCalculator\deanCalculator\deanCalculator.cpp(560,11): warning C4129: “@”: 不可识别的字符转义序列
E:\VisualStudios\deanCalculator\deanCalculator\deanCalculator.cpp(560,11): warning C4129: “*”: 不可识别的字符转义序列
E:\VisualStudios\deanCalculator\deanCalculator\deanCalculator.cpp(561,11): warning C4129: “@”: 不可识别的字符转义序列
E:\VisualStudios\deanCalculator\deanCalculator\deanCalculator.cpp(561,11): warning C4129: “[”: 不可识别的字符转义序列
E:\VisualStudios\deanCalculator\deanCalculator\deanCalculator.cpp(563,11): warning C4129: “*”: 不可识别的字符转义序列
E:\VisualStudios\deanCalculator\deanCalculator\deanCalculator.cpp(569,11): warning C4129: “*”: 不可识别的字符转义序列
E:\VisualStudios\deanCalculator\deanCalculator\deanCalculator.cpp(573,11): warning C4129: “@”: 不可识别的字符转义序列
E:\VisualStudios\deanCalculator\deanCalculator\deanCalculator.cpp(573,11): warning C4129: “*”: 不可识别的字符转义序列
E:\VisualStudios\deanCalculator\deanCalculator\deanCalculator.cpp(574,11): warning C4129: “@”: 不可识别的字符转义序列
E:\VisualStudios\deanCalculator\deanCalculator\deanCalculator.cpp(577,11): warning C4129: “@”: 不可识别的字符转义序列
E:\VisualStudios\deanCalculator\deanCalculator\deanCalculator.cpp(578,11): warning C4129: “@”: 不可识别的字符转义序列
E:\VisualStudios\deanCalculator\deanCalculator\deanCalculator.cpp(578,11): warning C4129: “/”: 不可识别的字符转义序列
E:\VisualStudios\deanCalculator\deanCalculator\deanCalculator.cpp(579,11): warning C4129: “]”: 不可识别的字符转义序列
E:\VisualStudios\deanCalculator\deanCalculator\deanCalculator.cpp(580,11): warning C4129: “@”: 不可识别的字符转义序列
E:\VisualStudios\deanCalculator\deanCalculator\deanCalculator.cpp(581,11): warning C4129: “@”: 不可识别的字符转义序列
E:\VisualStudios\deanCalculator\deanCalculator\deanCalculator.cpp(529,9): warning C4101: “m”: 未引用的局部变量
  正在生成代码
  Previous IOBJ not found, fall back to full compilation.
  All 27 functions were compiled because no usable IPDB/IOBJ from previous compilation was found.
  已完成代码的生成
  deanCalculator.vcxproj -> E:\VisualStudios\deanCalculator\deanCalculator\x64\Release\deanCalculator.exe
